Arguments: 
  C:\Program Files\nodejs\node.exe C:\Program Files (x86)\Yarn\bin\yarn.js upgrade gulp-uglify --latest

PATH: 
  C:\Users\Ilham Assidiqy\bin;C:\Program Files\Git\mingw64\bin;C:\Program Files\Git\usr\local\bin;C:\Program Files\Git\usr\bin;C:\Program Files\Git\usr\bin;C:\Program Files\Git\mingw64\bin;C:\Program Files\Git\usr\bin;C:\Users\Ilham Assidiqy\bin;C:\Python27;C:\Python27\Scripts;C:\Program Files (x86)\Yarn\bin;C:\Windows;C:\ProgramData\ComposerSetup\bin;C:\Windows\System32;C:\Windows\System32\wbem;C:\Program Files\Java\jdk1.8.0_161\bin;C:\Program Files\nodejs;C:\Users\Ilham Assidiqy\AppData\Local\Microsoft\WindowsApps;C:\Program Files\Microsoft VS Code\bin;C:\xampp\php;C:\Users\Ilham Assidiqy\AppData\Local\Yarn\bin;C:\Users\Ilham Assidiqy\AppData\Roaming\Composer\vendor\bin;C:\Users\Ilham Assidiqy\AppData\Local\hyper\app-2.0.0\resources\bin;C:\Users\Ilham Assidiqy\AppData\Roaming\npm;C:\Program Files\Git\usr\bin\vendor_perl;C:\Program Files\Git\usr\bin\core_perl

Yarn version: 
  1.5.1

Node version: 
  8.11.3

Platform: 
  win32 x64

npm manifest: 
  No manifest

yarn manifest: 
  No manifest

Lockfile: 
  No lockfile

Trace: 
  Error: No lockfile in this directory. Run `yarn install` to generate one.
      at new MessageError (C:\Program Files (x86)\Yarn\lib\cli.js:186:110)
      at C:\Program Files (x86)\Yarn\lib\cli.js:89389:13
      at <anonymous>
